<?xml version="1.0" encoding="UTF-8"?>
<!-- Generated by org.testng.reporters.JUnitXMLReporter -->
<testsuite ignored="0" hostname="Mertkan" failures="1" tests="3" name="Error Validations Test" time="22.998" errors="0" timestamp="2023-01-31T20:46:22 TRT">
  <testcase classname="mertkanCompany.tests.ErrorValidationsTest" name="loginErrorValidation" time="0.645">
    <skipped/>
  </testcase> <!-- loginErrorValidation -->
  <testcase classname="mertkanCompany.tests.ErrorValidationsTest" name="loginErrorValidation" time="1.026">
    <failure type="java.lang.AssertionError" message="expected [Incorrect email  password.] but found [Incorrect email or password.]">
      <![CDATA[java.lang.AssertionError: expected [Incorrect email  password.] but found [Incorrect email or password.]
at mertkanCompany.tests.ErrorValidationsTest.loginErrorValidation(ErrorValidationsTest.java:21)
at java.base/java.util.ArrayList.forEach(ArrayList.java:1511)
at java.base/java.util.concurrent.FutureTask.run(FutureTask.java:264)
at java.base/java.util.concurrent.ThreadPoolExecutor.runWorker(ThreadPoolExecutor.java:1136)
at java.base/java.util.concurrent.ThreadPoolExecutor$Worker.run(ThreadPoolExecutor.java:635)
at java.base/java.lang.Thread.run(Thread.java:833)
... Removed 22 stack frames]]>
    </failure>
  </testcase> <!-- loginErrorValidation -->
  <testcase classname="mertkanCompany.tests.ErrorValidationsTest" name="productErrorValidation" time="2.68"/>
</testsuite> <!-- Error Validations Test -->
